빌드 시작: 2023-12-15 오전 10:48:33
     1>2 노드의 "D:\study\youtube_MFC\LogonDemo\LogonDemo\LogonDemo.vcxproj" 프로젝트(build 대상)입니다.
     1>InitializeBuildStatus:
         "Debug\LogonDemo.unsuccessfulbuild"에 연결(touching)하고 있습니다.
       ClCompile:
         모든 출력이 최신 상태입니다.
         C:\Program Files (x86)\Microsoft Visual Studio 10.0\VC\bin\CL.exe /c /ZI /nologo /W3 /WX- /Od /Oy- /D WIN32 /D _WINDOWS /D _DEBUG /D _UNICODE /D UNICODE /D _AFXDLL /Gm /EHsc /RTC1 /MDd /GS /fp:precise /Zc:wchar_t /Zc:forScope /Yu"StdAfx.h" /Fp"Debug\LogonDemo.pch" /Fo"Debug\\" /Fd"Debug\vc100.pdb" /Gd /TP /analyze- /errorReport:prompt LogonDemoDlg.cpp
         LogonDemoDlg.cpp
       ResourceCompile:
         모든 출력이 최신 상태입니다.
       ManifestResourceCompile:
         모든 출력이 최신 상태입니다.
       Link:
         C:\Program Files (x86)\Microsoft Visual Studio 10.0\VC\bin\link.exe /ERRORREPORT:PROMPT /OUT:"D:\study\youtube_MFC\LogonDemo\Debug\LogonDemo.exe" /INCREMENTAL /NOLOGO /MANIFEST /ManifestFile:"Debug\LogonDemo.exe.intermediate.manifest" /MANIFESTUAC:"level='asInvoker' uiAccess='false'" /DEBUG /PDB:"D:\study\youtube_MFC\LogonDemo\Debug\LogonDemo.pdb" /SUBSYSTEM:WINDOWS /TLBID:1 /ENTRY:"wWinMainCRTStartup" /DYNAMICBASE /NXCOMPAT /IMPLIB:"D:\study\youtube_MFC\LogonDemo\Debug\LogonDemo.lib" /MACHINE:X86 Debug\LogonDemo.res
         Debug\LogonDemo.exe.embed.manifest.res
         Debug\LogonDemo.obj
         Debug\LogonDemoDlg.obj
         Debug\stdafx.obj
       Manifest:
         C:\Program Files (x86)\Microsoft SDKs\Windows\v7.0A\bin\mt.exe /nologo /verbose /out:"Debug\LogonDemo.exe.embed.manifest" /manifest Debug\LogonDemo.exe.intermediate.manifest "C:\Program Files (x86)\Microsoft Visual Studio 10.0\VC\Include\Manifest\dpiaware.manifest"
         모든 출력이 최신 상태입니다.
       LinkEmbedManifest:
         모든 출력이 최신 상태입니다.
         LogonDemo.vcxproj -> D:\study\youtube_MFC\LogonDemo\Debug\LogonDemo.exe
       FinalizeBuildStatus:
         "Debug\LogonDemo.unsuccessfulbuild" 파일을 삭제하고 있습니다.
         "Debug\LogonDemo.lastbuildstate"에 연결(touching)하고 있습니다.
     1>"D:\study\youtube_MFC\LogonDemo\LogonDemo\LogonDemo.vcxproj" 프로젝트를 빌드했습니다(build 대상).

빌드했습니다.

경과 시간: 00:00:00.45
