D:\STUDY\YOUTUBE_MFC\MFCCLASS\DEBUG\SDISEQ.EXE
D:\STUDY\YOUTUBE_MFC\MFCCLASS\DEBUG\SDISEQ.ILK
D:\STUDY\YOUTUBE_MFC\MFCCLASS\DEBUG\SDISEQ.PDB
D:\study\youtube_MFC\MfcClass\SdiSeq\Debug\cl.command.1.tlog
D:\study\youtube_MFC\MfcClass\SdiSeq\Debug\CL.read.1.tlog
D:\study\youtube_MFC\MfcClass\SdiSeq\Debug\CL.write.1.tlog
D:\study\youtube_MFC\MfcClass\SdiSeq\Debug\link.command.1.tlog
D:\study\youtube_MFC\MfcClass\SdiSeq\Debug\link.read.1.tlog
D:\study\youtube_MFC\MfcClass\SdiSeq\Debug\link.write.1.tlog
D:\study\youtube_MFC\MfcClass\SdiSeq\Debug\link-cvtres.read.1.tlog
D:\study\youtube_MFC\MfcClass\SdiSeq\Debug\link-cvtres.write.1.tlog
D:\STUDY\YOUTUBE_MFC\MFCCLASS\SDISEQ\DEBUG\MAINFRM.OBJ
D:\study\youtube_MFC\MfcClass\SdiSeq\Debug\mt.command.1.tlog
D:\study\youtube_MFC\MfcClass\SdiSeq\Debug\mt.read.1.tlog
D:\study\youtube_MFC\MfcClass\SdiSeq\Debug\mt.write.1.tlog
D:\study\youtube_MFC\MfcClass\SdiSeq\Debug\rc.command.1.tlog
D:\study\youtube_MFC\MfcClass\SdiSeq\Debug\rc.read.1.tlog
D:\study\youtube_MFC\MfcClass\SdiSeq\Debug\rc.write.1.tlog
D:\STUDY\YOUTUBE_MFC\MFCCLASS\SDISEQ\DEBUG\SDISEQ.EXE.EMBED.MANIFEST
D:\STUDY\YOUTUBE_MFC\MFCCLASS\SDISEQ\DEBUG\SDISEQ.EXE.EMBED.MANIFEST.RES
D:\STUDY\YOUTUBE_MFC\MFCCLASS\SDISEQ\DEBUG\SDISEQ.EXE.INTERMEDIATE.MANIFEST
D:\STUDY\YOUTUBE_MFC\MFCCLASS\SDISEQ\DEBUG\SDISEQ.OBJ
D:\STUDY\YOUTUBE_MFC\MFCCLASS\SDISEQ\DEBUG\SDISEQ.PCH
D:\STUDY\YOUTUBE_MFC\MFCCLASS\SDISEQ\DEBUG\SDISEQ.RES
D:\study\youtube_MFC\MfcClass\SdiSeq\Debug\SdiSeq_manifest.rc
D:\STUDY\YOUTUBE_MFC\MFCCLASS\SDISEQ\DEBUG\SDISEQDOC.OBJ
D:\STUDY\YOUTUBE_MFC\MFCCLASS\SDISEQ\DEBUG\SDISEQVIEW.OBJ
D:\STUDY\YOUTUBE_MFC\MFCCLASS\SDISEQ\DEBUG\STDAFX.OBJ
D:\study\youtube_MFC\MfcClass\SdiSeq\Debug\vc100.idb
D:\STUDY\YOUTUBE_MFC\MFCCLASS\SDISEQ\DEBUG\VC100.PDB
