D:\STUDY\YOUTUBE_MFC\MFCCLASS\DEBUG\MOUSEMSG.EXE
D:\STUDY\YOUTUBE_MFC\MFCCLASS\DEBUG\MOUSEMSG.ILK
D:\STUDY\YOUTUBE_MFC\MFCCLASS\DEBUG\MOUSEMSG.PDB
D:\study\youtube_MFC\MfcClass\MouseMsg\Debug\cl.command.1.tlog
D:\study\youtube_MFC\MfcClass\MouseMsg\Debug\CL.read.1.tlog
D:\study\youtube_MFC\MfcClass\MouseMsg\Debug\CL.write.1.tlog
D:\study\youtube_MFC\MfcClass\MouseMsg\Debug\link.command.1.tlog
D:\study\youtube_MFC\MfcClass\MouseMsg\Debug\link.read.1.tlog
D:\study\youtube_MFC\MfcClass\MouseMsg\Debug\link.write.1.tlog
D:\study\youtube_MFC\MfcClass\MouseMsg\Debug\link-cvtres.read.1.tlog
D:\study\youtube_MFC\MfcClass\MouseMsg\Debug\link-cvtres.write.1.tlog
D:\STUDY\YOUTUBE_MFC\MFCCLASS\MOUSEMSG\DEBUG\MAINFRM.OBJ
D:\STUDY\YOUTUBE_MFC\MFCCLASS\MOUSEMSG\DEBUG\MOUSEMSG.EXE.EMBED.MANIFEST
D:\STUDY\YOUTUBE_MFC\MFCCLASS\MOUSEMSG\DEBUG\MOUSEMSG.EXE.EMBED.MANIFEST.RES
D:\STUDY\YOUTUBE_MFC\MFCCLASS\MOUSEMSG\DEBUG\MOUSEMSG.EXE.INTERMEDIATE.MANIFEST
D:\STUDY\YOUTUBE_MFC\MFCCLASS\MOUSEMSG\DEBUG\MOUSEMSG.OBJ
D:\STUDY\YOUTUBE_MFC\MFCCLASS\MOUSEMSG\DEBUG\MOUSEMSG.PCH
D:\STUDY\YOUTUBE_MFC\MFCCLASS\MOUSEMSG\DEBUG\MOUSEMSG.RES
D:\study\youtube_MFC\MfcClass\MouseMsg\Debug\MouseMsg_manifest.rc
D:\STUDY\YOUTUBE_MFC\MFCCLASS\MOUSEMSG\DEBUG\MOUSEMSGDOC.OBJ
D:\STUDY\YOUTUBE_MFC\MFCCLASS\MOUSEMSG\DEBUG\MOUSEMSGVIEW.OBJ
D:\study\youtube_MFC\MfcClass\MouseMsg\Debug\mt.command.1.tlog
D:\study\youtube_MFC\MfcClass\MouseMsg\Debug\mt.read.1.tlog
D:\study\youtube_MFC\MfcClass\MouseMsg\Debug\mt.write.1.tlog
D:\study\youtube_MFC\MfcClass\MouseMsg\Debug\rc.command.1.tlog
D:\study\youtube_MFC\MfcClass\MouseMsg\Debug\rc.read.1.tlog
D:\study\youtube_MFC\MfcClass\MouseMsg\Debug\rc.write.1.tlog
D:\STUDY\YOUTUBE_MFC\MFCCLASS\MOUSEMSG\DEBUG\STDAFX.OBJ
D:\study\youtube_MFC\MfcClass\MouseMsg\Debug\vc100.idb
D:\STUDY\YOUTUBE_MFC\MFCCLASS\MOUSEMSG\DEBUG\VC100.PDB
