D:\STUDY\YOUTUBE_MFC\MFCCLASS\DEBUG\MOUSECOMBI.EXE
D:\STUDY\YOUTUBE_MFC\MFCCLASS\DEBUG\MOUSECOMBI.ILK
D:\STUDY\YOUTUBE_MFC\MFCCLASS\DEBUG\MOUSECOMBI.PDB
D:\study\youtube_MFC\MfcClass\MouseCombi\Debug\cl.command.1.tlog
D:\study\youtube_MFC\MfcClass\MouseCombi\Debug\CL.read.1.tlog
D:\study\youtube_MFC\MfcClass\MouseCombi\Debug\CL.write.1.tlog
D:\study\youtube_MFC\MfcClass\MouseCombi\Debug\link.command.1.tlog
D:\study\youtube_MFC\MfcClass\MouseCombi\Debug\link.read.1.tlog
D:\study\youtube_MFC\MfcClass\MouseCombi\Debug\link.write.1.tlog
D:\study\youtube_MFC\MfcClass\MouseCombi\Debug\link-cvtres.read.1.tlog
D:\study\youtube_MFC\MfcClass\MouseCombi\Debug\link-cvtres.write.1.tlog
D:\STUDY\YOUTUBE_MFC\MFCCLASS\MOUSECOMBI\DEBUG\MAINFRM.OBJ
D:\STUDY\YOUTUBE_MFC\MFCCLASS\MOUSECOMBI\DEBUG\MOUSECOMBI.EXE.EMBED.MANIFEST
D:\STUDY\YOUTUBE_MFC\MFCCLASS\MOUSECOMBI\DEBUG\MOUSECOMBI.EXE.EMBED.MANIFEST.RES
D:\STUDY\YOUTUBE_MFC\MFCCLASS\MOUSECOMBI\DEBUG\MOUSECOMBI.EXE.INTERMEDIATE.MANIFEST
D:\STUDY\YOUTUBE_MFC\MFCCLASS\MOUSECOMBI\DEBUG\MOUSECOMBI.OBJ
D:\STUDY\YOUTUBE_MFC\MFCCLASS\MOUSECOMBI\DEBUG\MOUSECOMBI.PCH
D:\STUDY\YOUTUBE_MFC\MFCCLASS\MOUSECOMBI\DEBUG\MOUSECOMBI.RES
D:\study\youtube_MFC\MfcClass\MouseCombi\Debug\MouseCombi_manifest.rc
D:\STUDY\YOUTUBE_MFC\MFCCLASS\MOUSECOMBI\DEBUG\MOUSECOMBIDOC.OBJ
D:\STUDY\YOUTUBE_MFC\MFCCLASS\MOUSECOMBI\DEBUG\MOUSECOMBIVIEW.OBJ
D:\study\youtube_MFC\MfcClass\MouseCombi\Debug\mt.command.1.tlog
D:\study\youtube_MFC\MfcClass\MouseCombi\Debug\mt.read.1.tlog
D:\study\youtube_MFC\MfcClass\MouseCombi\Debug\mt.write.1.tlog
D:\study\youtube_MFC\MfcClass\MouseCombi\Debug\rc.command.1.tlog
D:\study\youtube_MFC\MfcClass\MouseCombi\Debug\rc.read.1.tlog
D:\study\youtube_MFC\MfcClass\MouseCombi\Debug\rc.write.1.tlog
D:\STUDY\YOUTUBE_MFC\MFCCLASS\MOUSECOMBI\DEBUG\STDAFX.OBJ
D:\study\youtube_MFC\MfcClass\MouseCombi\Debug\vc100.idb
D:\STUDY\YOUTUBE_MFC\MFCCLASS\MOUSECOMBI\DEBUG\VC100.PDB
