D:\STUDY\YOUTUBE_MFC\MFCCLASS\DEBUG\KEYMOVE.EXE
D:\STUDY\YOUTUBE_MFC\MFCCLASS\DEBUG\KEYMOVE.ILK
D:\STUDY\YOUTUBE_MFC\MFCCLASS\DEBUG\KEYMOVE.PDB
D:\study\youtube_MFC\MfcClass\KeyMove\Debug\cl.command.1.tlog
D:\study\youtube_MFC\MfcClass\KeyMove\Debug\CL.read.1.tlog
D:\study\youtube_MFC\MfcClass\KeyMove\Debug\CL.write.1.tlog
D:\STUDY\YOUTUBE_MFC\MFCCLASS\KEYMOVE\DEBUG\KEYMOVE.EXE.EMBED.MANIFEST
D:\STUDY\YOUTUBE_MFC\MFCCLASS\KEYMOVE\DEBUG\KEYMOVE.EXE.EMBED.MANIFEST.RES
D:\STUDY\YOUTUBE_MFC\MFCCLASS\KEYMOVE\DEBUG\KEYMOVE.EXE.INTERMEDIATE.MANIFEST
D:\STUDY\YOUTUBE_MFC\MFCCLASS\KEYMOVE\DEBUG\KEYMOVE.OBJ
D:\STUDY\YOUTUBE_MFC\MFCCLASS\KEYMOVE\DEBUG\KEYMOVE.PCH
D:\STUDY\YOUTUBE_MFC\MFCCLASS\KEYMOVE\DEBUG\KEYMOVE.RES
D:\study\youtube_MFC\MfcClass\KeyMove\Debug\KeyMove_manifest.rc
D:\STUDY\YOUTUBE_MFC\MFCCLASS\KEYMOVE\DEBUG\KEYMOVEDOC.OBJ
D:\STUDY\YOUTUBE_MFC\MFCCLASS\KEYMOVE\DEBUG\KEYMOVEVIEW.OBJ
D:\study\youtube_MFC\MfcClass\KeyMove\Debug\link.command.1.tlog
D:\study\youtube_MFC\MfcClass\KeyMove\Debug\link.read.1.tlog
D:\study\youtube_MFC\MfcClass\KeyMove\Debug\link.write.1.tlog
D:\study\youtube_MFC\MfcClass\KeyMove\Debug\link-cvtres.read.1.tlog
D:\study\youtube_MFC\MfcClass\KeyMove\Debug\link-cvtres.write.1.tlog
D:\STUDY\YOUTUBE_MFC\MFCCLASS\KEYMOVE\DEBUG\MAINFRM.OBJ
D:\study\youtube_MFC\MfcClass\KeyMove\Debug\mt.command.1.tlog
D:\study\youtube_MFC\MfcClass\KeyMove\Debug\mt.read.1.tlog
D:\study\youtube_MFC\MfcClass\KeyMove\Debug\mt.write.1.tlog
D:\study\youtube_MFC\MfcClass\KeyMove\Debug\rc.command.1.tlog
D:\study\youtube_MFC\MfcClass\KeyMove\Debug\rc.read.1.tlog
D:\study\youtube_MFC\MfcClass\KeyMove\Debug\rc.write.1.tlog
D:\STUDY\YOUTUBE_MFC\MFCCLASS\KEYMOVE\DEBUG\STDAFX.OBJ
D:\study\youtube_MFC\MfcClass\KeyMove\Debug\vc100.idb
D:\STUDY\YOUTUBE_MFC\MFCCLASS\KEYMOVE\DEBUG\VC100.PDB
