빌드 시작: 2023-12-21 오후 1:56:01
     1>2 노드의 "D:\study\youtube_MFC\WorkerThreadDemo\WorkerThreadDemo\WorkerThreadDemo.vcxproj" 프로젝트(build 대상)입니다.
     1>PrepareForBuild:
         "D:\study\youtube_MFC\WorkerThreadDemo\Debug\" 디렉터리를 만들고 있습니다.
       InitializeBuildStatus:
         "AlwaysCreate"이(가) 지정되었기 때문에 "Debug\WorkerThreadDemo.unsuccessfulbuild"을(를) 만들고 있습니다.
       ClCompile:
         C:\Program Files (x86)\Microsoft Visual Studio 10.0\VC\bin\CL.exe /c /ZI /nologo /W3 /WX- /Od /Oy- /D WIN32 /D _WINDOWS /D _DEBUG /D _UNICODE /D UNICODE /D _AFXDLL /Gm /EHsc /RTC1 /MDd /GS /fp:precise /Zc:wchar_t /Zc:forScope /Yc"StdAfx.h" /Fp"Debug\WorkerThreadDemo.pch" /Fo"Debug\\" /Fd"Debug\vc100.pdb" /Gd /TP /analyze- /errorReport:prompt stdafx.cpp
         stdafx.cpp
         C:\Program Files (x86)\Microsoft Visual Studio 10.0\VC\bin\CL.exe /c /ZI /nologo /W3 /WX- /Od /Oy- /D WIN32 /D _WINDOWS /D _DEBUG /D _UNICODE /D UNICODE /D _AFXDLL /Gm /EHsc /RTC1 /MDd /GS /fp:precise /Zc:wchar_t /Zc:forScope /Yu"StdAfx.h" /Fp"Debug\WorkerThreadDemo.pch" /Fo"Debug\\" /Fd"Debug\vc100.pdb" /Gd /TP /analyze- /errorReport:prompt WorkerThreadDemo.cpp WorkerThreadDemoDlg.cpp
         WorkerThreadDemoDlg.cpp
         WorkerThreadDemo.cpp
         코드를 생성하고 있습니다...
       ResourceCompile:
         C:\Program Files (x86)\Microsoft SDKs\Windows\v7.0A\bin\rc.exe /D _DEBUG /D _UNICODE /D UNICODE /D _AFXDLL /l"0x0412" /IDebug\ /nologo /fo"Debug\WorkerThreadDemo.res" WorkerThreadDemo.rc 
       ManifestResourceCompile:
         C:\Program Files (x86)\Microsoft SDKs\Windows\v7.0A\bin\rc.exe /nologo /fo"Debug\WorkerThreadDemo.exe.embed.manifest.res" Debug\WorkerThreadDemo_manifest.rc 
       Link:
         C:\Program Files (x86)\Microsoft Visual Studio 10.0\VC\bin\link.exe /ERRORREPORT:PROMPT /OUT:"D:\study\youtube_MFC\WorkerThreadDemo\Debug\WorkerThreadDemo.exe" /INCREMENTAL /NOLOGO /MANIFEST /ManifestFile:"Debug\WorkerThreadDemo.exe.intermediate.manifest" /MANIFESTUAC:"level='asInvoker' uiAccess='false'" /DEBUG /PDB:"D:\study\youtube_MFC\WorkerThreadDemo\Debug\WorkerThreadDemo.pdb" /SUBSYSTEM:WINDOWS /TLBID:1 /ENTRY:"wWinMainCRTStartup" /DYNAMICBASE /NXCOMPAT /IMPLIB:"D:\study\youtube_MFC\WorkerThreadDemo\Debug\WorkerThreadDemo.lib" /MACHINE:X86 Debug\WorkerThreadDemo.res
         Debug\WorkerThreadDemo.exe.embed.manifest.res
         Debug\stdafx.obj
         Debug\WorkerThreadDemo.obj
         Debug\WorkerThreadDemoDlg.obj
       Manifest:
         C:\Program Files (x86)\Microsoft SDKs\Windows\v7.0A\bin\mt.exe /nologo /verbose /out:"Debug\WorkerThreadDemo.exe.embed.manifest" /manifest Debug\WorkerThreadDemo.exe.intermediate.manifest "C:\Program Files (x86)\Microsoft Visual Studio 10.0\VC\Include\Manifest\dpiaware.manifest"
         C:\Program Files (x86)\Microsoft SDKs\Windows\v7.0A\bin\rc.exe /nologo /fo"Debug\WorkerThreadDemo.exe.embed.manifest.res" Debug\WorkerThreadDemo_manifest.rc 
       LinkEmbedManifest:
         C:\Program Files (x86)\Microsoft Visual Studio 10.0\VC\bin\link.exe /ERRORREPORT:PROMPT /OUT:"D:\study\youtube_MFC\WorkerThreadDemo\Debug\WorkerThreadDemo.exe" /INCREMENTAL /NOLOGO /MANIFEST /ManifestFile:"Debug\WorkerThreadDemo.exe.intermediate.manifest" /MANIFESTUAC:"level='asInvoker' uiAccess='false'" /DEBUG /PDB:"D:\study\youtube_MFC\WorkerThreadDemo\Debug\WorkerThreadDemo.pdb" /SUBSYSTEM:WINDOWS /TLBID:1 /ENTRY:"wWinMainCRTStartup" /DYNAMICBASE /NXCOMPAT /IMPLIB:"D:\study\youtube_MFC\WorkerThreadDemo\Debug\WorkerThreadDemo.lib" /MACHINE:X86 Debug\WorkerThreadDemo.res
         Debug\WorkerThreadDemo.exe.embed.manifest.res
         Debug\stdafx.obj
         Debug\WorkerThreadDemo.obj
         Debug\WorkerThreadDemoDlg.obj
         WorkerThreadDemo.vcxproj -> D:\study\youtube_MFC\WorkerThreadDemo\Debug\WorkerThreadDemo.exe
       FinalizeBuildStatus:
         "Debug\WorkerThreadDemo.unsuccessfulbuild" 파일을 삭제하고 있습니다.
         "Debug\WorkerThreadDemo.lastbuildstate"에 연결(touching)하고 있습니다.
     1>"D:\study\youtube_MFC\WorkerThreadDemo\WorkerThreadDemo\WorkerThreadDemo.vcxproj" 프로젝트를 빌드했습니다(build 대상).

빌드했습니다.

경과 시간: 00:00:03.38
