D:\STUDY\YOUTUBE_MFC\LISTCTRLDEMO\DEBUG\LISTCTRLDEMO.EXE
D:\STUDY\YOUTUBE_MFC\LISTCTRLDEMO\DEBUG\LISTCTRLDEMO.ILK
D:\STUDY\YOUTUBE_MFC\LISTCTRLDEMO\DEBUG\LISTCTRLDEMO.PDB
D:\study\youtube_MFC\ListCtrlDemo\ListCtrlDemo\Debug\cl.command.1.tlog
D:\study\youtube_MFC\ListCtrlDemo\ListCtrlDemo\Debug\CL.read.1.tlog
D:\study\youtube_MFC\ListCtrlDemo\ListCtrlDemo\Debug\CL.write.1.tlog
D:\study\youtube_MFC\ListCtrlDemo\ListCtrlDemo\Debug\link.command.1.tlog
D:\study\youtube_MFC\ListCtrlDemo\ListCtrlDemo\Debug\link.read.1.tlog
D:\study\youtube_MFC\ListCtrlDemo\ListCtrlDemo\Debug\link.write.1.tlog
D:\study\youtube_MFC\ListCtrlDemo\ListCtrlDemo\Debug\link-cvtres.read.1.tlog
D:\study\youtube_MFC\ListCtrlDemo\ListCtrlDemo\Debug\link-cvtres.write.1.tlog
D:\STUDY\YOUTUBE_MFC\LISTCTRLDEMO\LISTCTRLDEMO\DEBUG\LISTCTRLDEMO.EXE.EMBED.MANIFEST
D:\STUDY\YOUTUBE_MFC\LISTCTRLDEMO\LISTCTRLDEMO\DEBUG\LISTCTRLDEMO.EXE.EMBED.MANIFEST.RES
D:\STUDY\YOUTUBE_MFC\LISTCTRLDEMO\LISTCTRLDEMO\DEBUG\LISTCTRLDEMO.EXE.INTERMEDIATE.MANIFEST
D:\STUDY\YOUTUBE_MFC\LISTCTRLDEMO\LISTCTRLDEMO\DEBUG\LISTCTRLDEMO.OBJ
D:\STUDY\YOUTUBE_MFC\LISTCTRLDEMO\LISTCTRLDEMO\DEBUG\LISTCTRLDEMO.PCH
D:\STUDY\YOUTUBE_MFC\LISTCTRLDEMO\LISTCTRLDEMO\DEBUG\LISTCTRLDEMO.RES
D:\study\youtube_MFC\ListCtrlDemo\ListCtrlDemo\Debug\ListCtrlDemo.vcxprojResolveAssemblyReference.cache
D:\study\youtube_MFC\ListCtrlDemo\ListCtrlDemo\Debug\ListCtrlDemo.write.1.tlog
D:\study\youtube_MFC\ListCtrlDemo\ListCtrlDemo\Debug\ListCtrlDemo_manifest.rc
D:\study\youtube_MFC\ListCtrlDemo\ListCtrlDemo\Debug\mt.command.1.tlog
D:\study\youtube_MFC\ListCtrlDemo\ListCtrlDemo\Debug\mt.read.1.tlog
D:\study\youtube_MFC\ListCtrlDemo\ListCtrlDemo\Debug\mt.write.1.tlog
D:\study\youtube_MFC\ListCtrlDemo\ListCtrlDemo\Debug\rc.command.1.tlog
D:\study\youtube_MFC\ListCtrlDemo\ListCtrlDemo\Debug\rc.read.1.tlog
D:\study\youtube_MFC\ListCtrlDemo\ListCtrlDemo\Debug\rc.write.1.tlog
D:\STUDY\YOUTUBE_MFC\LISTCTRLDEMO\LISTCTRLDEMO\DEBUG\STDAFX.OBJ
D:\study\youtube_MFC\ListCtrlDemo\ListCtrlDemo\Debug\vc100.idb
D:\STUDY\YOUTUBE_MFC\LISTCTRLDEMO\LISTCTRLDEMO\DEBUG\VC100.PDB
